{"/Users/lzz/SPX/study/vitest-demo/snippets/external.ts": {"path":"/Users/lzz/SPX/study/vitest-demo/snippets/external.ts","all":true,"statementMap":{"0":{"start":{"line":1,"column":0},"end":{"line":1,"column":31}},"1":{"start":{"line":2,"column":0},"end":{"line":2,"column":0}},"2":{"start":{"line":3,"column":0},"end":{"line":3,"column":18}},"3":{"start":{"line":4,"column":0},"end":{"line":4,"column":32}},"4":{"start":{"line":5,"column":0},"end":{"line":5,"column":47}},"5":{"start":{"line":6,"column":0},"end":{"line":6,"column":34}},"6":{"start":{"line":7,"column":0},"end":{"line":7,"column":1}},"7":{"start":{"line":8,"column":0},"end":{"line":8,"column":21}},"8":{"start":{"line":9,"column":0},"end":{"line":9,"column":0}},"9":{"start":{"line":10,"column":0},"end":{"line":10,"column":28}},"10":{"start":{"line":11,"column":0},"end":{"line":11,"column":48}},"11":{"start":{"line":12,"column":0},"end":{"line":12,"column":1}}},"s":{"0":0,"1":0,"2":0,"3":0,"4":0,"5":0,"6":0,"7":0,"8":0,"9":0,"10":0,"11":0},"branchMap":{"0":{"type":"branch","line":1,"loc":{"start":{"line":1,"column":272},"end":{"line":12,"column":1}},"locations":[{"start":{"line":1,"column":272},"end":{"line":12,"column":1}}]}},"b":{"0":[0]},"fnMap":{"0":{"name":"(empty-report)","decl":{"start":{"line":1,"column":272},"end":{"line":12,"column":1}},"loc":{"start":{"line":1,"column":272},"end":{"line":12,"column":1}},"line":1}},"f":{"0":0}}
,"/Users/lzz/SPX/study/vitest-demo/src/index.tsx": {"path":"/Users/lzz/SPX/study/vitest-demo/src/index.tsx","all":true,"statementMap":{"0":{"start":{"line":1,"column":0},"end":{"line":1,"column":26}},"1":{"start":{"line":2,"column":0},"end":{"line":2,"column":40}},"2":{"start":{"line":3,"column":0},"end":{"line":3,"column":47}},"3":{"start":{"line":4,"column":0},"end":{"line":4,"column":21}},"4":{"start":{"line":5,"column":0},"end":{"line":5,"column":0}},"5":{"start":{"line":6,"column":0},"end":{"line":6,"column":61}},"6":{"start":{"line":7,"column":0},"end":{"line":7,"column":20}},"7":{"start":{"line":8,"column":0},"end":{"line":8,"column":15}},"8":{"start":{"line":9,"column":0},"end":{"line":9,"column":21}},"9":{"start":{"line":10,"column":0},"end":{"line":10,"column":2}}},"s":{"0":0,"1":0,"2":0,"3":0,"4":0,"5":0,"6":0,"7":0,"8":0,"9":0},"branchMap":{"0":{"type":"branch","line":1,"loc":{"start":{"line":1,"column":262},"end":{"line":10,"column":2}},"locations":[{"start":{"line":1,"column":262},"end":{"line":10,"column":2}}]}},"b":{"0":[0]},"fnMap":{"0":{"name":"(empty-report)","decl":{"start":{"line":1,"column":262},"end":{"line":10,"column":2}},"loc":{"start":{"line":1,"column":262},"end":{"line":10,"column":2}},"line":1}},"f":{"0":0}}
,"/Users/lzz/SPX/study/vitest-demo/src/components/TodoApp.tsx": {"path":"/Users/lzz/SPX/study/vitest-demo/src/components/TodoApp.tsx","all":false,"statementMap":{"0":{"start":{"line":1,"column":0},"end":{"line":1,"column":53}},"1":{"start":{"line":2,"column":0},"end":{"line":2,"column":40}},"2":{"start":{"line":3,"column":0},"end":{"line":3,"column":38}},"3":{"start":{"line":4,"column":0},"end":{"line":4,"column":34}},"4":{"start":{"line":5,"column":0},"end":{"line":5,"column":0}},"5":{"start":{"line":6,"column":0},"end":{"line":6,"column":40}},"6":{"start":{"line":7,"column":0},"end":{"line":7,"column":49}},"7":{"start":{"line":8,"column":0},"end":{"line":8,"column":78}},"8":{"start":{"line":9,"column":0},"end":{"line":9,"column":0}},"9":{"start":{"line":10,"column":0},"end":{"line":10,"column":49}},"10":{"start":{"line":11,"column":0},"end":{"line":11,"column":27}},"11":{"start":{"line":12,"column":0},"end":{"line":12,"column":32}},"12":{"start":{"line":13,"column":0},"end":{"line":13,"column":11}},"13":{"start":{"line":14,"column":0},"end":{"line":14,"column":22}},"14":{"start":{"line":15,"column":0},"end":{"line":15,"column":6}},"15":{"start":{"line":16,"column":0},"end":{"line":16,"column":41}},"16":{"start":{"line":17,"column":0},"end":{"line":17,"column":9}},"17":{"start":{"line":18,"column":0},"end":{"line":18,"column":0}},"18":{"start":{"line":19,"column":0},"end":{"line":19,"column":50}},"19":{"start":{"line":20,"column":0},"end":{"line":20,"column":20}},"20":{"start":{"line":21,"column":0},"end":{"line":21,"column":22}},"21":{"start":{"line":22,"column":0},"end":{"line":22,"column":22}},"22":{"start":{"line":23,"column":0},"end":{"line":23,"column":51}},"23":{"start":{"line":24,"column":0},"end":{"line":24,"column":16}},"24":{"start":{"line":25,"column":0},"end":{"line":25,"column":7}},"25":{"start":{"line":26,"column":0},"end":{"line":26,"column":6}},"26":{"start":{"line":27,"column":0},"end":{"line":27,"column":9}},"27":{"start":{"line":28,"column":0},"end":{"line":28,"column":0}},"28":{"start":{"line":29,"column":0},"end":{"line":29,"column":39}},"29":{"start":{"line":30,"column":0},"end":{"line":30,"column":61}},"30":{"start":{"line":31,"column":0},"end":{"line":31,"column":20}},"31":{"start":{"line":32,"column":0},"end":{"line":32,"column":63}},"32":{"start":{"line":33,"column":0},"end":{"line":33,"column":6}},"33":{"start":{"line":34,"column":0},"end":{"line":34,"column":14}},"34":{"start":{"line":35,"column":0},"end":{"line":35,"column":0}},"35":{"start":{"line":36,"column":0},"end":{"line":36,"column":50}},"36":{"start":{"line":37,"column":0},"end":{"line":37,"column":58}},"37":{"start":{"line":38,"column":0},"end":{"line":38,"column":9}},"38":{"start":{"line":39,"column":0},"end":{"line":39,"column":0}},"39":{"start":{"line":40,"column":0},"end":{"line":40,"column":65}},"40":{"start":{"line":41,"column":0},"end":{"line":41,"column":20}},"41":{"start":{"line":42,"column":0},"end":{"line":42,"column":22}},"42":{"start":{"line":43,"column":0},"end":{"line":43,"column":22}},"43":{"start":{"line":44,"column":0},"end":{"line":44,"column":38}},"44":{"start":{"line":45,"column":0},"end":{"line":45,"column":16}},"45":{"start":{"line":46,"column":0},"end":{"line":46,"column":7}},"46":{"start":{"line":47,"column":0},"end":{"line":47,"column":6}},"47":{"start":{"line":48,"column":0},"end":{"line":48,"column":9}},"48":{"start":{"line":49,"column":0},"end":{"line":49,"column":0}},"49":{"start":{"line":50,"column":0},"end":{"line":50,"column":44}},"50":{"start":{"line":51,"column":0},"end":{"line":51,"column":59}},"51":{"start":{"line":52,"column":0},"end":{"line":52,"column":9}},"52":{"start":{"line":53,"column":0},"end":{"line":53,"column":0}},"53":{"start":{"line":54,"column":0},"end":{"line":54,"column":67}},"54":{"start":{"line":55,"column":0},"end":{"line":55,"column":52}},"55":{"start":{"line":56,"column":0},"end":{"line":56,"column":0}},"56":{"start":{"line":57,"column":0},"end":{"line":57,"column":46}},"57":{"start":{"line":58,"column":0},"end":{"line":58,"column":52}},"58":{"start":{"line":59,"column":0},"end":{"line":59,"column":54}},"59":{"start":{"line":60,"column":0},"end":{"line":60,"column":16}},"60":{"start":{"line":61,"column":0},"end":{"line":61,"column":5}},"61":{"start":{"line":62,"column":0},"end":{"line":62,"column":0}},"62":{"start":{"line":63,"column":0},"end":{"line":63,"column":79}},"63":{"start":{"line":64,"column":0},"end":{"line":64,"column":0}},"64":{"start":{"line":65,"column":0},"end":{"line":65,"column":10}},"65":{"start":{"line":66,"column":0},"end":{"line":66,"column":6}},"66":{"start":{"line":67,"column":0},"end":{"line":67,"column":35}},"67":{"start":{"line":68,"column":0},"end":{"line":68,"column":35}},"68":{"start":{"line":69,"column":0},"end":{"line":69,"column":24}},"69":{"start":{"line":70,"column":0},"end":{"line":70,"column":76}},"70":{"start":{"line":71,"column":0},"end":{"line":71,"column":17}},"71":{"start":{"line":72,"column":0},"end":{"line":72,"column":0}},"72":{"start":{"line":73,"column":0},"end":{"line":73,"column":30}},"73":{"start":{"line":74,"column":0},"end":{"line":74,"column":36}},"74":{"start":{"line":75,"column":0},"end":{"line":75,"column":18}},"75":{"start":{"line":76,"column":0},"end":{"line":76,"column":29}},"76":{"start":{"line":77,"column":0},"end":{"line":77,"column":36}},"77":{"start":{"line":78,"column":0},"end":{"line":78,"column":29}},"78":{"start":{"line":79,"column":0},"end":{"line":79,"column":36}},"79":{"start":{"line":80,"column":0},"end":{"line":80,"column":34}},"80":{"start":{"line":81,"column":0},"end":{"line":81,"column":14}},"81":{"start":{"line":82,"column":0},"end":{"line":82,"column":68}},"82":{"start":{"line":83,"column":0},"end":{"line":83,"column":21}},"83":{"start":{"line":84,"column":0},"end":{"line":84,"column":35}},"84":{"start":{"line":85,"column":0},"end":{"line":85,"column":35}},"85":{"start":{"line":86,"column":0},"end":{"line":86,"column":35}},"86":{"start":{"line":87,"column":0},"end":{"line":87,"column":31}},"87":{"start":{"line":88,"column":0},"end":{"line":88,"column":14}},"88":{"start":{"line":89,"column":0},"end":{"line":89,"column":20}},"89":{"start":{"line":90,"column":0},"end":{"line":90,"column":10}},"90":{"start":{"line":91,"column":0},"end":{"line":91,"column":0}},"91":{"start":{"line":92,"column":0},"end":{"line":92,"column":30}},"92":{"start":{"line":93,"column":0},"end":{"line":93,"column":37}},"93":{"start":{"line":94,"column":0},"end":{"line":94,"column":59}},"94":{"start":{"line":95,"column":0},"end":{"line":95,"column":88}},"95":{"start":{"line":96,"column":0},"end":{"line":96,"column":19}},"96":{"start":{"line":97,"column":0},"end":{"line":97,"column":36}},"97":{"start":{"line":98,"column":0},"end":{"line":98,"column":18}},"98":{"start":{"line":99,"column":0},"end":{"line":99,"column":18}},"99":{"start":{"line":100,"column":0},"end":{"line":100,"column":27}},"100":{"start":{"line":101,"column":0},"end":{"line":101,"column":76}},"101":{"start":{"line":102,"column":0},"end":{"line":102,"column":64}},"102":{"start":{"line":103,"column":0},"end":{"line":103,"column":17}},"103":{"start":{"line":104,"column":0},"end":{"line":104,"column":21}},"104":{"start":{"line":105,"column":0},"end":{"line":105,"column":20}},"105":{"start":{"line":106,"column":0},"end":{"line":106,"column":19}},"106":{"start":{"line":107,"column":0},"end":{"line":107,"column":18}},"107":{"start":{"line":108,"column":0},"end":{"line":108,"column":18}},"108":{"start":{"line":109,"column":0},"end":{"line":109,"column":33}},"109":{"start":{"line":110,"column":0},"end":{"line":110,"column":79}},"110":{"start":{"line":111,"column":0},"end":{"line":111,"column":67}},"111":{"start":{"line":112,"column":0},"end":{"line":112,"column":17}},"112":{"start":{"line":113,"column":0},"end":{"line":113,"column":24}},"113":{"start":{"line":114,"column":0},"end":{"line":114,"column":20}},"114":{"start":{"line":115,"column":0},"end":{"line":115,"column":19}},"115":{"start":{"line":116,"column":0},"end":{"line":116,"column":18}},"116":{"start":{"line":117,"column":0},"end":{"line":117,"column":18}},"117":{"start":{"line":118,"column":0},"end":{"line":118,"column":36}},"118":{"start":{"line":119,"column":0},"end":{"line":119,"column":82}},"119":{"start":{"line":120,"column":0},"end":{"line":120,"column":70}},"120":{"start":{"line":121,"column":0},"end":{"line":121,"column":17}},"121":{"start":{"line":122,"column":0},"end":{"line":122,"column":27}},"122":{"start":{"line":123,"column":0},"end":{"line":123,"column":20}},"123":{"start":{"line":124,"column":0},"end":{"line":124,"column":19}},"124":{"start":{"line":125,"column":0},"end":{"line":125,"column":17}},"125":{"start":{"line":126,"column":0},"end":{"line":126,"column":36}},"126":{"start":{"line":127,"column":0},"end":{"line":127,"column":75}},"127":{"start":{"line":128,"column":0},"end":{"line":128,"column":31}},"128":{"start":{"line":129,"column":0},"end":{"line":129,"column":23}},"129":{"start":{"line":130,"column":0},"end":{"line":130,"column":14}},"130":{"start":{"line":131,"column":0},"end":{"line":131,"column":19}},"131":{"start":{"line":132,"column":0},"end":{"line":132,"column":10}},"132":{"start":{"line":133,"column":0},"end":{"line":133,"column":16}},"133":{"start":{"line":134,"column":0},"end":{"line":134,"column":6}},"134":{"start":{"line":135,"column":0},"end":{"line":135,"column":31}},"135":{"start":{"line":136,"column":0},"end":{"line":136,"column":42}},"136":{"start":{"line":137,"column":0},"end":{"line":137,"column":76}},"137":{"start":{"line":138,"column":0},"end":{"line":138,"column":63}},"138":{"start":{"line":139,"column":0},"end":{"line":139,"column":15}},"139":{"start":{"line":140,"column":0},"end":{"line":140,"column":7}},"140":{"start":{"line":141,"column":0},"end":{"line":141,"column":4}},"141":{"start":{"line":142,"column":0},"end":{"line":142,"column":2}}},"s":{"0":1,"1":1,"2":1,"3":1,"4":1,"5":1,"6":43,"7":43,"8":43,"9":43,"10":17,"11":17,"12":17,"13":17,"14":17,"15":17,"16":43,"17":43,"18":43,"19":5,"20":5,"21":10,"22":5,"23":5,"24":5,"25":5,"26":43,"27":43,"28":43,"29":2,"30":2,"31":2,"32":2,"33":43,"34":43,"35":43,"36":1,"37":43,"38":43,"39":43,"40":1,"41":1,"42":1,"43":1,"44":0,"45":1,"46":1,"47":43,"48":43,"49":43,"50":1,"51":43,"52":43,"53":43,"54":43,"55":43,"56":43,"57":50,"58":50,"59":44,"60":43,"61":43,"62":43,"63":43,"64":43,"65":43,"66":43,"67":43,"68":43,"69":43,"70":43,"71":43,"72":43,"73":28,"74":28,"75":28,"76":28,"77":28,"78":28,"79":28,"80":28,"81":28,"82":28,"83":28,"84":28,"85":28,"86":28,"87":28,"88":28,"89":43,"90":43,"91":43,"92":28,"93":28,"94":28,"95":28,"96":28,"97":28,"98":28,"99":28,"100":28,"101":28,"102":28,"103":28,"104":28,"105":28,"106":28,"107":28,"108":28,"109":28,"110":28,"111":28,"112":28,"113":28,"114":28,"115":28,"116":28,"117":28,"118":28,"119":28,"120":28,"121":28,"122":28,"123":28,"124":28,"125":28,"126":9,"127":9,"128":9,"129":28,"130":28,"131":43,"132":43,"133":43,"134":43,"135":43,"136":43,"137":43,"138":43,"139":43,"140":43,"141":43},"branchMap":{"0":{"type":"branch","line":6,"loc":{"start":{"line":6,"column":33},"end":{"line":142,"column":2}},"locations":[{"start":{"line":6,"column":33},"end":{"line":142,"column":2}}]},"1":{"type":"branch","line":63,"loc":{"start":{"line":63,"column":38},"end":{"line":63,"column":79}},"locations":[{"start":{"line":63,"column":38},"end":{"line":63,"column":79}}]},"2":{"type":"branch","line":73,"loc":{"start":{"line":73,"column":24},"end":{"line":89,"column":20}},"locations":[{"start":{"line":73,"column":24},"end":{"line":89,"column":20}}]},"3":{"type":"branch","line":92,"loc":{"start":{"line":92,"column":24},"end":{"line":131,"column":19}},"locations":[{"start":{"line":92,"column":24},"end":{"line":131,"column":19}}]},"4":{"type":"branch","line":95,"loc":{"start":{"line":95,"column":62},"end":{"line":95,"column":75}},"locations":[{"start":{"line":95,"column":62},"end":{"line":95,"column":75}}]},"5":{"type":"branch","line":95,"loc":{"start":{"line":95,"column":66},"end":{"line":95,"column":83}},"locations":[{"start":{"line":95,"column":66},"end":{"line":95,"column":83}}]},"6":{"type":"branch","line":102,"loc":{"start":{"line":102,"column":40},"end":{"line":102,"column":61}},"locations":[{"start":{"line":102,"column":40},"end":{"line":102,"column":61}}]},"7":{"type":"branch","line":102,"loc":{"start":{"line":102,"column":48},"end":{"line":102,"column":64}},"locations":[{"start":{"line":102,"column":48},"end":{"line":102,"column":64}}]},"8":{"type":"branch","line":111,"loc":{"start":{"line":111,"column":40},"end":{"line":111,"column":64}},"locations":[{"start":{"line":111,"column":40},"end":{"line":111,"column":64}}]},"9":{"type":"branch","line":111,"loc":{"start":{"line":111,"column":51},"end":{"line":111,"column":67}},"locations":[{"start":{"line":111,"column":51},"end":{"line":111,"column":67}}]},"10":{"type":"branch","line":120,"loc":{"start":{"line":120,"column":40},"end":{"line":120,"column":67}},"locations":[{"start":{"line":120,"column":40},"end":{"line":120,"column":67}}]},"11":{"type":"branch","line":120,"loc":{"start":{"line":120,"column":54},"end":{"line":120,"column":70}},"locations":[{"start":{"line":120,"column":54},"end":{"line":120,"column":70}}]},"12":{"type":"branch","line":126,"loc":{"start":{"line":126,"column":30},"end":{"line":129,"column":23}},"locations":[{"start":{"line":126,"column":30},"end":{"line":129,"column":23}}]},"13":{"type":"branch","line":10,"loc":{"start":{"line":10,"column":30},"end":{"line":17,"column":5}},"locations":[{"start":{"line":10,"column":30},"end":{"line":17,"column":5}}]},"14":{"type":"branch","line":16,"loc":{"start":{"line":16,"column":13},"end":{"line":16,"column":39}},"locations":[{"start":{"line":16,"column":13},"end":{"line":16,"column":39}}]},"15":{"type":"branch","line":19,"loc":{"start":{"line":19,"column":33},"end":{"line":27,"column":5}},"locations":[{"start":{"line":19,"column":33},"end":{"line":27,"column":5}}]},"16":{"type":"branch","line":20,"loc":{"start":{"line":20,"column":13},"end":{"line":25,"column":7}},"locations":[{"start":{"line":20,"column":13},"end":{"line":25,"column":7}}]},"17":{"type":"branch","line":21,"loc":{"start":{"line":21,"column":15},"end":{"line":24,"column":16}},"locations":[{"start":{"line":21,"column":15},"end":{"line":24,"column":16}}]},"18":{"type":"branch","line":22,"loc":{"start":{"line":22,"column":20},"end":{"line":23,"column":51}},"locations":[{"start":{"line":22,"column":20},"end":{"line":23,"column":51}}]},"19":{"type":"branch","line":23,"loc":{"start":{"line":23,"column":50},"end":{"line":24,"column":16}},"locations":[{"start":{"line":23,"column":50},"end":{"line":24,"column":16}}]},"20":{"type":"branch","line":29,"loc":{"start":{"line":29,"column":32},"end":{"line":34,"column":5}},"locations":[{"start":{"line":29,"column":32},"end":{"line":34,"column":5}}]},"21":{"type":"branch","line":30,"loc":{"start":{"line":30,"column":37},"end":{"line":30,"column":59}},"locations":[{"start":{"line":30,"column":37},"end":{"line":30,"column":59}}]},"22":{"type":"branch","line":31,"loc":{"start":{"line":31,"column":13},"end":{"line":32,"column":63}},"locations":[{"start":{"line":31,"column":13},"end":{"line":32,"column":63}}]},"23":{"type":"branch","line":32,"loc":{"start":{"line":32,"column":15},"end":{"line":32,"column":62}},"locations":[{"start":{"line":32,"column":15},"end":{"line":32,"column":62}}]},"24":{"type":"branch","line":36,"loc":{"start":{"line":36,"column":33},"end":{"line":38,"column":5}},"locations":[{"start":{"line":36,"column":33},"end":{"line":38,"column":5}}]},"25":{"type":"branch","line":37,"loc":{"start":{"line":37,"column":13},"end":{"line":37,"column":56}},"locations":[{"start":{"line":37,"column":13},"end":{"line":37,"column":56}}]},"26":{"type":"branch","line":37,"loc":{"start":{"line":37,"column":33},"end":{"line":37,"column":55}},"locations":[{"start":{"line":37,"column":33},"end":{"line":37,"column":55}}]},"27":{"type":"branch","line":40,"loc":{"start":{"line":40,"column":31},"end":{"line":48,"column":5}},"locations":[{"start":{"line":40,"column":31},"end":{"line":48,"column":5}}]},"28":{"type":"branch","line":41,"loc":{"start":{"line":41,"column":13},"end":{"line":46,"column":7}},"locations":[{"start":{"line":41,"column":13},"end":{"line":46,"column":7}}]},"29":{"type":"branch","line":42,"loc":{"start":{"line":42,"column":15},"end":{"line":45,"column":16}},"locations":[{"start":{"line":42,"column":15},"end":{"line":45,"column":16}}]},"30":{"type":"branch","line":44,"loc":{"start":{"line":44,"column":37},"end":{"line":45,"column":16}},"locations":[{"start":{"line":44,"column":37},"end":{"line":45,"column":16}}]},"31":{"type":"branch","line":50,"loc":{"start":{"line":50,"column":37},"end":{"line":52,"column":5}},"locations":[{"start":{"line":50,"column":37},"end":{"line":52,"column":5}}]},"32":{"type":"branch","line":51,"loc":{"start":{"line":51,"column":13},"end":{"line":51,"column":57}},"locations":[{"start":{"line":51,"column":13},"end":{"line":51,"column":57}}]},"33":{"type":"branch","line":51,"loc":{"start":{"line":51,"column":33},"end":{"line":51,"column":56}},"locations":[{"start":{"line":51,"column":33},"end":{"line":51,"column":56}}]},"34":{"type":"branch","line":54,"loc":{"start":{"line":54,"column":35},"end":{"line":54,"column":58}},"locations":[{"start":{"line":54,"column":35},"end":{"line":54,"column":58}}]},"35":{"type":"branch","line":57,"loc":{"start":{"line":57,"column":37},"end":{"line":61,"column":3}},"locations":[{"start":{"line":57,"column":37},"end":{"line":61,"column":3}}]},"36":{"type":"branch","line":58,"loc":{"start":{"line":58,"column":29},"end":{"line":58,"column":52}},"locations":[{"start":{"line":58,"column":29},"end":{"line":58,"column":52}}]},"37":{"type":"branch","line":58,"loc":{"start":{"line":58,"column":42},"end":{"line":59,"column":39}},"locations":[{"start":{"line":58,"column":42},"end":{"line":59,"column":39}}]},"38":{"type":"branch","line":59,"loc":{"start":{"line":59,"column":32},"end":{"line":59,"column":54}},"locations":[{"start":{"line":59,"column":32},"end":{"line":59,"column":54}}]},"39":{"type":"branch","line":59,"loc":{"start":{"line":59,"column":44},"end":{"line":60,"column":16}},"locations":[{"start":{"line":59,"column":44},"end":{"line":60,"column":16}}]},"40":{"type":"branch","line":63,"loc":{"start":{"line":63,"column":55},"end":{"line":63,"column":77}},"locations":[{"start":{"line":63,"column":55},"end":{"line":63,"column":77}}]},"41":{"type":"branch","line":101,"loc":{"start":{"line":101,"column":27},"end":{"line":101,"column":76}},"locations":[{"start":{"line":101,"column":27},"end":{"line":101,"column":76}}]},"42":{"type":"branch","line":110,"loc":{"start":{"line":110,"column":27},"end":{"line":110,"column":79}},"locations":[{"start":{"line":110,"column":27},"end":{"line":110,"column":79}}]},"43":{"type":"branch","line":119,"loc":{"start":{"line":119,"column":27},"end":{"line":119,"column":82}},"locations":[{"start":{"line":119,"column":27},"end":{"line":119,"column":82}}]}},"b":{"0":[43],"1":[28],"2":[28],"3":[28],"4":[13],"5":[15],"6":[26],"7":[2],"8":[1],"9":[27],"10":[1],"11":[27],"12":[9],"13":[17],"14":[17],"15":[5],"16":[5],"17":[10],"18":[5],"19":[5],"20":[2],"21":[3],"22":[2],"23":[4],"24":[1],"25":[1],"26":[1],"27":[1],"28":[1],"29":[1],"30":[0],"31":[1],"32":[1],"33":[2],"34":[50],"35":[50],"36":[3],"37":[47],"38":[3],"39":[44],"40":[31],"41":[1],"42":[1],"43":[1]},"fnMap":{"0":{"name":"TodoApp","decl":{"start":{"line":6,"column":33},"end":{"line":142,"column":2}},"loc":{"start":{"line":6,"column":33},"end":{"line":142,"column":2}},"line":6},"1":{"name":"onClick","decl":{"start":{"line":101,"column":27},"end":{"line":101,"column":76}},"loc":{"start":{"line":101,"column":27},"end":{"line":101,"column":76}},"line":101},"2":{"name":"onClick","decl":{"start":{"line":110,"column":27},"end":{"line":110,"column":79}},"loc":{"start":{"line":110,"column":27},"end":{"line":110,"column":79}},"line":110},"3":{"name":"onClick","decl":{"start":{"line":119,"column":27},"end":{"line":119,"column":82}},"loc":{"start":{"line":119,"column":27},"end":{"line":119,"column":82}},"line":119}},"f":{"0":43,"1":1,"2":1,"3":1}}
,"/Users/lzz/SPX/study/vitest-demo/src/components/TodoInput.tsx": {"path":"/Users/lzz/SPX/study/vitest-demo/src/components/TodoInput.tsx","all":false,"statementMap":{"0":{"start":{"line":1,"column":0},"end":{"line":1,"column":40}},"1":{"start":{"line":2,"column":0},"end":{"line":2,"column":0}},"2":{"start":{"line":3,"column":0},"end":{"line":3,"column":26}},"3":{"start":{"line":4,"column":0},"end":{"line":4,"column":32}},"4":{"start":{"line":5,"column":0},"end":{"line":5,"column":23}},"5":{"start":{"line":6,"column":0},"end":{"line":6,"column":1}},"6":{"start":{"line":7,"column":0},"end":{"line":7,"column":0}},"7":{"start":{"line":8,"column":0},"end":{"line":8,"column":53}},"8":{"start":{"line":9,"column":0},"end":{"line":9,"column":8}},"9":{"start":{"line":10,"column":0},"end":{"line":10,"column":40}},"10":{"start":{"line":11,"column":0},"end":{"line":11,"column":7}},"11":{"start":{"line":12,"column":0},"end":{"line":12,"column":39}},"12":{"start":{"line":13,"column":0},"end":{"line":13,"column":0}},"13":{"start":{"line":14,"column":0},"end":{"line":14,"column":48}},"14":{"start":{"line":15,"column":0},"end":{"line":15,"column":23}},"15":{"start":{"line":16,"column":0},"end":{"line":16,"column":36}},"16":{"start":{"line":17,"column":0},"end":{"line":17,"column":22}},"17":{"start":{"line":18,"column":0},"end":{"line":18,"column":25}},"18":{"start":{"line":19,"column":0},"end":{"line":19,"column":18}},"19":{"start":{"line":20,"column":0},"end":{"line":20,"column":5}},"20":{"start":{"line":21,"column":0},"end":{"line":21,"column":4}},"21":{"start":{"line":22,"column":0},"end":{"line":22,"column":0}},"22":{"start":{"line":23,"column":0},"end":{"line":23,"column":10}},"23":{"start":{"line":24,"column":0},"end":{"line":24,"column":34}},"24":{"start":{"line":25,"column":0},"end":{"line":25,"column":12}},"25":{"start":{"line":26,"column":0},"end":{"line":26,"column":28}},"26":{"start":{"line":27,"column":0},"end":{"line":27,"column":33}},"27":{"start":{"line":28,"column":0},"end":{"line":28,"column":20}},"28":{"start":{"line":29,"column":0},"end":{"line":29,"column":49}},"29":{"start":{"line":30,"column":0},"end":{"line":30,"column":17}},"30":{"start":{"line":31,"column":0},"end":{"line":31,"column":8}},"31":{"start":{"line":32,"column":0},"end":{"line":32,"column":11}},"32":{"start":{"line":33,"column":0},"end":{"line":33,"column":4}},"33":{"start":{"line":34,"column":0},"end":{"line":34,"column":2}}},"s":{"0":1,"1":1,"2":1,"3":1,"4":1,"5":1,"6":1,"7":1,"8":233,"9":233,"10":233,"11":233,"12":233,"13":233,"14":22,"15":22,"16":22,"17":20,"18":20,"19":20,"20":22,"21":233,"22":233,"23":233,"24":233,"25":233,"26":233,"27":233,"28":233,"29":233,"30":233,"31":233,"32":233,"33":233},"branchMap":{"0":{"type":"branch","line":8,"loc":{"start":{"line":8,"column":51},"end":{"line":34,"column":2}},"locations":[{"start":{"line":8,"column":51},"end":{"line":34,"column":2}}]},"1":{"type":"branch","line":14,"loc":{"start":{"line":14,"column":23},"end":{"line":21,"column":4}},"locations":[{"start":{"line":14,"column":23},"end":{"line":21,"column":4}}]},"2":{"type":"branch","line":17,"loc":{"start":{"line":17,"column":21},"end":{"line":20,"column":5}},"locations":[{"start":{"line":17,"column":21},"end":{"line":20,"column":5}}]},"3":{"type":"branch","line":29,"loc":{"start":{"line":29,"column":18},"end":{"line":29,"column":49}},"locations":[{"start":{"line":29,"column":18},"end":{"line":29,"column":49}}]}},"b":{"0":[233],"1":[22],"2":[20],"3":[178]},"fnMap":{"0":{"name":"TodoInput","decl":{"start":{"line":8,"column":51},"end":{"line":34,"column":2}},"loc":{"start":{"line":8,"column":51},"end":{"line":34,"column":2}},"line":8},"1":{"name":"handleSubmit","decl":{"start":{"line":14,"column":23},"end":{"line":21,"column":4}},"loc":{"start":{"line":14,"column":23},"end":{"line":21,"column":4}},"line":14},"2":{"name":"onChange","decl":{"start":{"line":29,"column":18},"end":{"line":29,"column":49}},"loc":{"start":{"line":29,"column":18},"end":{"line":29,"column":49}},"line":29}},"f":{"0":233,"1":22,"2":178}}
,"/Users/lzz/SPX/study/vitest-demo/src/components/TodoItem.tsx": {"path":"/Users/lzz/SPX/study/vitest-demo/src/components/TodoItem.tsx","all":false,"statementMap":{"0":{"start":{"line":1,"column":0},"end":{"line":1,"column":59}},"1":{"start":{"line":2,"column":0},"end":{"line":2,"column":0}},"2":{"start":{"line":3,"column":0},"end":{"line":3,"column":23}},"3":{"start":{"line":4,"column":0},"end":{"line":4,"column":13}},"4":{"start":{"line":5,"column":0},"end":{"line":5,"column":15}},"5":{"start":{"line":6,"column":0},"end":{"line":6,"column":21}},"6":{"start":{"line":7,"column":0},"end":{"line":7,"column":1}},"7":{"start":{"line":8,"column":0},"end":{"line":8,"column":0}},"8":{"start":{"line":9,"column":0},"end":{"line":9,"column":25}},"9":{"start":{"line":10,"column":0},"end":{"line":10,"column":13}},"10":{"start":{"line":11,"column":0},"end":{"line":11,"column":33}},"11":{"start":{"line":12,"column":0},"end":{"line":12,"column":33}},"12":{"start":{"line":13,"column":0},"end":{"line":13,"column":49}},"13":{"start":{"line":14,"column":0},"end":{"line":14,"column":1}},"14":{"start":{"line":15,"column":0},"end":{"line":15,"column":0}},"15":{"start":{"line":16,"column":0},"end":{"line":16,"column":51}},"16":{"start":{"line":17,"column":0},"end":{"line":17,"column":7}},"17":{"start":{"line":18,"column":0},"end":{"line":18,"column":11}},"18":{"start":{"line":19,"column":0},"end":{"line":19,"column":11}},"19":{"start":{"line":20,"column":0},"end":{"line":20,"column":8}},"20":{"start":{"line":21,"column":0},"end":{"line":21,"column":7}},"21":{"start":{"line":22,"column":0},"end":{"line":22,"column":52}},"22":{"start":{"line":23,"column":0},"end":{"line":23,"column":54}},"23":{"start":{"line":24,"column":0},"end":{"line":24,"column":51}},"24":{"start":{"line":25,"column":0},"end":{"line":25,"column":0}},"25":{"start":{"line":26,"column":0},"end":{"line":26,"column":35}},"26":{"start":{"line":27,"column":0},"end":{"line":27,"column":23}},"27":{"start":{"line":28,"column":0},"end":{"line":28,"column":27}},"28":{"start":{"line":29,"column":0},"end":{"line":29,"column":4}},"29":{"start":{"line":30,"column":0},"end":{"line":30,"column":0}},"30":{"start":{"line":31,"column":0},"end":{"line":31,"column":28}},"31":{"start":{"line":32,"column":0},"end":{"line":32,"column":40}},"32":{"start":{"line":33,"column":0},"end":{"line":33,"column":51}},"33":{"start":{"line":34,"column":0},"end":{"line":34,"column":19}},"34":{"start":{"line":35,"column":0},"end":{"line":35,"column":37}},"35":{"start":{"line":36,"column":0},"end":{"line":36,"column":7}},"36":{"start":{"line":37,"column":0},"end":{"line":37,"column":30}},"37":{"start":{"line":38,"column":0},"end":{"line":38,"column":53}},"38":{"start":{"line":39,"column":0},"end":{"line":39,"column":24}},"39":{"start":{"line":40,"column":0},"end":{"line":40,"column":5}},"40":{"start":{"line":41,"column":0},"end":{"line":41,"column":24}},"41":{"start":{"line":42,"column":0},"end":{"line":42,"column":4}},"42":{"start":{"line":43,"column":0},"end":{"line":43,"column":0}},"43":{"start":{"line":44,"column":0},"end":{"line":44,"column":53}},"44":{"start":{"line":45,"column":0},"end":{"line":45,"column":28}},"45":{"start":{"line":46,"column":0},"end":{"line":46,"column":19}},"46":{"start":{"line":47,"column":0},"end":{"line":47,"column":5}},"47":{"start":{"line":48,"column":0},"end":{"line":48,"column":29}},"48":{"start":{"line":49,"column":0},"end":{"line":49,"column":29}},"49":{"start":{"line":50,"column":0},"end":{"line":50,"column":26}},"50":{"start":{"line":51,"column":0},"end":{"line":51,"column":5}},"51":{"start":{"line":52,"column":0},"end":{"line":52,"column":4}},"52":{"start":{"line":53,"column":0},"end":{"line":53,"column":0}},"53":{"start":{"line":54,"column":0},"end":{"line":54,"column":19}},"54":{"start":{"line":55,"column":0},"end":{"line":55,"column":41}},"55":{"start":{"line":56,"column":0},"end":{"line":56,"column":32}},"56":{"start":{"line":57,"column":0},"end":{"line":57,"column":5}},"57":{"start":{"line":58,"column":0},"end":{"line":58,"column":18}},"58":{"start":{"line":59,"column":0},"end":{"line":59,"column":0}},"59":{"start":{"line":60,"column":0},"end":{"line":60,"column":21}},"60":{"start":{"line":61,"column":0},"end":{"line":61,"column":31}},"61":{"start":{"line":62,"column":0},"end":{"line":62,"column":37}},"62":{"start":{"line":63,"column":0},"end":{"line":63,"column":30}},"63":{"start":{"line":64,"column":0},"end":{"line":64,"column":0}},"64":{"start":{"line":65,"column":0},"end":{"line":65,"column":10}},"65":{"start":{"line":66,"column":0},"end":{"line":66,"column":30}},"66":{"start":{"line":67,"column":0},"end":{"line":67,"column":21}},"67":{"start":{"line":68,"column":0},"end":{"line":68,"column":30}},"68":{"start":{"line":69,"column":0},"end":{"line":69,"column":16}},"69":{"start":{"line":70,"column":0},"end":{"line":70,"column":30}},"70":{"start":{"line":71,"column":0},"end":{"line":71,"column":27}},"71":{"start":{"line":72,"column":0},"end":{"line":72,"column":36}},"72":{"start":{"line":73,"column":0},"end":{"line":73,"column":46}},"73":{"start":{"line":74,"column":0},"end":{"line":74,"column":12}},"74":{"start":{"line":75,"column":0},"end":{"line":75,"column":51}},"75":{"start":{"line":76,"column":0},"end":{"line":76,"column":23}},"76":{"start":{"line":77,"column":0},"end":{"line":77,"column":18}},"77":{"start":{"line":78,"column":0},"end":{"line":78,"column":17}},"78":{"start":{"line":79,"column":0},"end":{"line":79,"column":31}},"79":{"start":{"line":80,"column":0},"end":{"line":80,"column":45}},"80":{"start":{"line":81,"column":0},"end":{"line":81,"column":12}},"81":{"start":{"line":82,"column":0},"end":{"line":82,"column":14}},"82":{"start":{"line":83,"column":0},"end":{"line":83,"column":11}},"83":{"start":{"line":84,"column":0},"end":{"line":84,"column":14}},"84":{"start":{"line":85,"column":0},"end":{"line":85,"column":25}},"85":{"start":{"line":86,"column":0},"end":{"line":86,"column":26}},"86":{"start":{"line":87,"column":0},"end":{"line":87,"column":26}},"87":{"start":{"line":88,"column":0},"end":{"line":88,"column":29}},"88":{"start":{"line":89,"column":0},"end":{"line":89,"column":55}},"89":{"start":{"line":90,"column":0},"end":{"line":90,"column":35}},"90":{"start":{"line":91,"column":0},"end":{"line":91,"column":10}},"91":{"start":{"line":92,"column":0},"end":{"line":92,"column":8}},"92":{"start":{"line":93,"column":0},"end":{"line":93,"column":9}},"93":{"start":{"line":94,"column":0},"end":{"line":94,"column":4}},"94":{"start":{"line":95,"column":0},"end":{"line":95,"column":2}}},"s":{"0":1,"1":1,"2":1,"3":1,"4":1,"5":1,"6":1,"7":1,"8":1,"9":1,"10":1,"11":1,"12":1,"13":1,"14":1,"15":1,"16":164,"17":164,"18":164,"19":164,"20":164,"21":164,"22":164,"23":164,"24":164,"25":164,"26":10,"27":10,"28":10,"29":164,"30":164,"31":7,"32":7,"33":5,"34":5,"35":5,"36":5,"37":1,"38":1,"39":1,"40":7,"41":7,"42":164,"43":164,"44":64,"45":6,"46":6,"47":64,"48":1,"49":1,"50":1,"51":64,"52":164,"53":164,"54":72,"55":10,"56":10,"57":164,"58":164,"59":164,"60":164,"61":164,"62":164,"63":164,"64":164,"65":164,"66":164,"67":88,"68":88,"69":88,"70":88,"71":88,"72":88,"73":88,"74":88,"75":88,"76":88,"77":88,"78":88,"79":88,"80":88,"81":88,"82":73,"83":73,"84":73,"85":73,"86":73,"87":73,"88":73,"89":73,"90":73,"91":164,"92":164,"93":164,"94":164},"branchMap":{"0":{"type":"branch","line":16,"loc":{"start":{"line":16,"column":49},"end":{"line":95,"column":2}},"locations":[{"start":{"line":16,"column":49},"end":{"line":95,"column":2}}]},"1":{"type":"branch","line":61,"loc":{"start":{"line":61,"column":4},"end":{"line":61,"column":28}},"locations":[{"start":{"line":61,"column":4},"end":{"line":61,"column":28}}]},"2":{"type":"branch","line":61,"loc":{"start":{"line":61,"column":16},"end":{"line":61,"column":31}},"locations":[{"start":{"line":61,"column":16},"end":{"line":61,"column":31}}]},"3":{"type":"branch","line":62,"loc":{"start":{"line":62,"column":9},"end":{"line":62,"column":35}},"locations":[{"start":{"line":62,"column":9},"end":{"line":62,"column":35}}]},"4":{"type":"branch","line":62,"loc":{"start":{"line":62,"column":21},"end":{"line":62,"column":37}},"locations":[{"start":{"line":62,"column":21},"end":{"line":62,"column":37}}]},"5":{"type":"branch","line":67,"loc":{"start":{"line":67,"column":8},"end":{"line":82,"column":14}},"locations":[{"start":{"line":67,"column":8},"end":{"line":82,"column":14}}]},"6":{"type":"branch","line":82,"loc":{"start":{"line":82,"column":8},"end":{"line":91,"column":10}},"locations":[{"start":{"line":82,"column":8},"end":{"line":91,"column":10}}]},"7":{"type":"branch","line":26,"loc":{"start":{"line":26,"column":28},"end":{"line":29,"column":4}},"locations":[{"start":{"line":26,"column":28},"end":{"line":29,"column":4}}]},"8":{"type":"branch","line":31,"loc":{"start":{"line":31,"column":21},"end":{"line":42,"column":4}},"locations":[{"start":{"line":31,"column":21},"end":{"line":42,"column":4}}]},"9":{"type":"branch","line":33,"loc":{"start":{"line":33,"column":8},"end":{"line":33,"column":50}},"locations":[{"start":{"line":33,"column":8},"end":{"line":33,"column":50}}]},"10":{"type":"branch","line":33,"loc":{"start":{"line":33,"column":50},"end":{"line":40,"column":5}},"locations":[{"start":{"line":33,"column":50},"end":{"line":40,"column":5}}]},"11":{"type":"branch","line":37,"loc":{"start":{"line":37,"column":4},"end":{"line":40,"column":5}},"locations":[{"start":{"line":37,"column":4},"end":{"line":40,"column":5}}]},"12":{"type":"branch","line":37,"loc":{"start":{"line":37,"column":29},"end":{"line":40,"column":5}},"locations":[{"start":{"line":37,"column":29},"end":{"line":40,"column":5}}]},"13":{"type":"branch","line":44,"loc":{"start":{"line":44,"column":24},"end":{"line":52,"column":4}},"locations":[{"start":{"line":44,"column":24},"end":{"line":52,"column":4}}]},"14":{"type":"branch","line":45,"loc":{"start":{"line":45,"column":27},"end":{"line":47,"column":5}},"locations":[{"start":{"line":45,"column":27},"end":{"line":47,"column":5}}]},"15":{"type":"branch","line":48,"loc":{"start":{"line":48,"column":28},"end":{"line":51,"column":5}},"locations":[{"start":{"line":48,"column":28},"end":{"line":51,"column":5}}]},"16":{"type":"branch","line":54,"loc":{"start":{"line":54,"column":12},"end":{"line":58,"column":5}},"locations":[{"start":{"line":54,"column":12},"end":{"line":58,"column":5}}]},"17":{"type":"branch","line":55,"loc":{"start":{"line":55,"column":8},"end":{"line":55,"column":40}},"locations":[{"start":{"line":55,"column":8},"end":{"line":55,"column":40}}]},"18":{"type":"branch","line":55,"loc":{"start":{"line":55,"column":40},"end":{"line":57,"column":5}},"locations":[{"start":{"line":55,"column":40},"end":{"line":57,"column":5}}]},"19":{"type":"branch","line":73,"loc":{"start":{"line":73,"column":22},"end":{"line":73,"column":46}},"locations":[{"start":{"line":73,"column":22},"end":{"line":73,"column":46}}]},"20":{"type":"branch","line":80,"loc":{"start":{"line":80,"column":21},"end":{"line":80,"column":45}},"locations":[{"start":{"line":80,"column":21},"end":{"line":80,"column":45}}]},"21":{"type":"branch","line":89,"loc":{"start":{"line":89,"column":20},"end":{"line":89,"column":55}},"locations":[{"start":{"line":89,"column":20},"end":{"line":89,"column":55}}]}},"b":{"0":[164],"1":[73],"2":[88],"3":[18],"4":[143],"5":[88],"6":[73],"7":[10],"8":[7],"9":[6],"10":[5],"11":[2],"12":[1],"13":[64],"14":[6],"15":[1],"16":[72],"17":[10],"18":[10],"19":[7],"20":[3],"21":[63]},"fnMap":{"0":{"name":"TodoItem","decl":{"start":{"line":16,"column":49},"end":{"line":95,"column":2}},"loc":{"start":{"line":16,"column":49},"end":{"line":95,"column":2}},"line":16},"1":{"name":"handleDoubleClick","decl":{"start":{"line":26,"column":28},"end":{"line":29,"column":4}},"loc":{"start":{"line":26,"column":28},"end":{"line":29,"column":4}},"line":26},"2":{"name":"handleSave","decl":{"start":{"line":31,"column":21},"end":{"line":42,"column":4}},"loc":{"start":{"line":31,"column":21},"end":{"line":42,"column":4}},"line":31},"3":{"name":"handleKeyDown","decl":{"start":{"line":44,"column":24},"end":{"line":52,"column":4}},"loc":{"start":{"line":44,"column":24},"end":{"line":52,"column":4}},"line":44},"4":{"name":"onChange","decl":{"start":{"line":73,"column":22},"end":{"line":73,"column":46}},"loc":{"start":{"line":73,"column":22},"end":{"line":73,"column":46}},"line":73},"5":{"name":"onClick","decl":{"start":{"line":80,"column":21},"end":{"line":80,"column":45}},"loc":{"start":{"line":80,"column":21},"end":{"line":80,"column":45}},"line":80},"6":{"name":"onChange","decl":{"start":{"line":89,"column":20},"end":{"line":89,"column":55}},"loc":{"start":{"line":89,"column":20},"end":{"line":89,"column":55}},"line":89}},"f":{"0":164,"1":10,"2":7,"3":64,"4":7,"5":3,"6":63}}
,"/Users/lzz/SPX/study/vitest-demo/src/components/TodoList.tsx": {"path":"/Users/lzz/SPX/study/vitest-demo/src/components/TodoList.tsx","all":false,"statementMap":{"0":{"start":{"line":1,"column":0},"end":{"line":1,"column":26}},"1":{"start":{"line":2,"column":0},"end":{"line":2,"column":44}},"2":{"start":{"line":3,"column":0},"end":{"line":3,"column":0}},"3":{"start":{"line":4,"column":0},"end":{"line":4,"column":25}},"4":{"start":{"line":5,"column":0},"end":{"line":5,"column":16}},"5":{"start":{"line":6,"column":0},"end":{"line":6,"column":33}},"6":{"start":{"line":7,"column":0},"end":{"line":7,"column":33}},"7":{"start":{"line":8,"column":0},"end":{"line":8,"column":49}},"8":{"start":{"line":9,"column":0},"end":{"line":9,"column":1}},"9":{"start":{"line":10,"column":0},"end":{"line":10,"column":0}},"10":{"start":{"line":11,"column":0},"end":{"line":11,"column":51}},"11":{"start":{"line":12,"column":0},"end":{"line":12,"column":8}},"12":{"start":{"line":13,"column":0},"end":{"line":13,"column":11}},"13":{"start":{"line":14,"column":0},"end":{"line":14,"column":11}},"14":{"start":{"line":15,"column":0},"end":{"line":15,"column":9}},"15":{"start":{"line":16,"column":0},"end":{"line":16,"column":7}},"16":{"start":{"line":17,"column":0},"end":{"line":17,"column":10}},"17":{"start":{"line":18,"column":0},"end":{"line":18,"column":30}},"18":{"start":{"line":19,"column":0},"end":{"line":19,"column":26}},"19":{"start":{"line":20,"column":0},"end":{"line":20,"column":17}},"20":{"start":{"line":21,"column":0},"end":{"line":21,"column":23}},"21":{"start":{"line":22,"column":0},"end":{"line":22,"column":21}},"22":{"start":{"line":23,"column":0},"end":{"line":23,"column":29}},"23":{"start":{"line":24,"column":0},"end":{"line":24,"column":29}},"24":{"start":{"line":25,"column":0},"end":{"line":25,"column":25}},"25":{"start":{"line":26,"column":0},"end":{"line":26,"column":10}},"26":{"start":{"line":27,"column":0},"end":{"line":27,"column":9}},"27":{"start":{"line":28,"column":0},"end":{"line":28,"column":9}},"28":{"start":{"line":29,"column":0},"end":{"line":29,"column":4}},"29":{"start":{"line":30,"column":0},"end":{"line":30,"column":2}}},"s":{"0":1,"1":1,"2":1,"3":1,"4":1,"5":1,"6":1,"7":1,"8":1,"9":1,"10":1,"11":38,"12":38,"13":38,"14":38,"15":38,"16":38,"17":38,"18":38,"19":68,"20":68,"21":68,"22":68,"23":68,"24":68,"25":68,"26":38,"27":38,"28":38,"29":38},"branchMap":{"0":{"type":"branch","line":11,"loc":{"start":{"line":11,"column":49},"end":{"line":30,"column":2}},"locations":[{"start":{"line":11,"column":49},"end":{"line":30,"column":2}}]},"1":{"type":"branch","line":19,"loc":{"start":{"line":19,"column":17},"end":{"line":26,"column":10}},"locations":[{"start":{"line":19,"column":17},"end":{"line":26,"column":10}}]}},"b":{"0":[38],"1":[68]},"fnMap":{"0":{"name":"TodoList","decl":{"start":{"line":11,"column":49},"end":{"line":30,"column":2}},"loc":{"start":{"line":11,"column":49},"end":{"line":30,"column":2}},"line":11}},"f":{"0":38}}
,"/Users/lzz/SPX/study/vitest-demo/src/components/UserProfile.tsx": {"path":"/Users/lzz/SPX/study/vitest-demo/src/components/UserProfile.tsx","all":false,"statementMap":{"0":{"start":{"line":1,"column":0},"end":{"line":1,"column":44}},"1":{"start":{"line":2,"column":0},"end":{"line":2,"column":62}},"2":{"start":{"line":3,"column":0},"end":{"line":3,"column":0}},"3":{"start":{"line":4,"column":0},"end":{"line":4,"column":16}},"4":{"start":{"line":5,"column":0},"end":{"line":5,"column":13}},"5":{"start":{"line":6,"column":0},"end":{"line":6,"column":15}},"6":{"start":{"line":7,"column":0},"end":{"line":7,"column":16}},"7":{"start":{"line":8,"column":0},"end":{"line":8,"column":1}},"8":{"start":{"line":9,"column":0},"end":{"line":9,"column":0}},"9":{"start":{"line":10,"column":0},"end":{"line":10,"column":44}},"10":{"start":{"line":11,"column":0},"end":{"line":11,"column":54}},"11":{"start":{"line":12,"column":0},"end":{"line":12,"column":47}},"12":{"start":{"line":13,"column":0},"end":{"line":13,"column":58}},"13":{"start":{"line":14,"column":0},"end":{"line":14,"column":0}},"14":{"start":{"line":15,"column":0},"end":{"line":15,"column":19}},"15":{"start":{"line":16,"column":0},"end":{"line":16,"column":34}},"16":{"start":{"line":17,"column":0},"end":{"line":17,"column":11}},"17":{"start":{"line":18,"column":0},"end":{"line":18,"column":47}},"18":{"start":{"line":19,"column":0},"end":{"line":19,"column":26}},"19":{"start":{"line":20,"column":0},"end":{"line":20,"column":21}},"20":{"start":{"line":21,"column":0},"end":{"line":21,"column":62}},"21":{"start":{"line":22,"column":0},"end":{"line":22,"column":17}},"22":{"start":{"line":23,"column":0},"end":{"line":23,"column":26}},"23":{"start":{"line":24,"column":0},"end":{"line":24,"column":7}},"24":{"start":{"line":25,"column":0},"end":{"line":25,"column":6}},"25":{"start":{"line":26,"column":0},"end":{"line":26,"column":4}},"26":{"start":{"line":27,"column":0},"end":{"line":27,"column":15}},"27":{"start":{"line":28,"column":0},"end":{"line":28,"column":9}},"28":{"start":{"line":29,"column":0},"end":{"line":29,"column":0}},"29":{"start":{"line":30,"column":0},"end":{"line":30,"column":51}},"30":{"start":{"line":31,"column":0},"end":{"line":31,"column":9}},"31":{"start":{"line":32,"column":0},"end":{"line":32,"column":38}},"32":{"start":{"line":33,"column":0},"end":{"line":33,"column":27}},"33":{"start":{"line":34,"column":0},"end":{"line":34,"column":19}},"34":{"start":{"line":35,"column":0},"end":{"line":35,"column":60}},"35":{"start":{"line":36,"column":0},"end":{"line":36,"column":5}},"36":{"start":{"line":37,"column":0},"end":{"line":37,"column":4}},"37":{"start":{"line":38,"column":0},"end":{"line":38,"column":0}},"38":{"start":{"line":39,"column":0},"end":{"line":39,"column":40}},"39":{"start":{"line":40,"column":0},"end":{"line":40,"column":43}},"40":{"start":{"line":41,"column":0},"end":{"line":41,"column":37}},"41":{"start":{"line":42,"column":0},"end":{"line":42,"column":0}},"42":{"start":{"line":43,"column":0},"end":{"line":43,"column":10}},"43":{"start":{"line":44,"column":0},"end":{"line":44,"column":9}},"44":{"start":{"line":45,"column":0},"end":{"line":45,"column":26}},"45":{"start":{"line":46,"column":0},"end":{"line":46,"column":25}},"46":{"start":{"line":47,"column":0},"end":{"line":47,"column":65}},"47":{"start":{"line":48,"column":0},"end":{"line":48,"column":12}},"48":{"start":{"line":49,"column":0},"end":{"line":49,"column":15}},"49":{"start":{"line":50,"column":0},"end":{"line":50,"column":10}},"50":{"start":{"line":51,"column":0},"end":{"line":51,"column":4}},"51":{"start":{"line":52,"column":0},"end":{"line":52,"column":2}}},"s":{"0":1,"1":1,"2":1,"3":1,"4":1,"5":1,"6":1,"7":1,"8":1,"9":1,"10":14,"11":14,"12":14,"13":14,"14":14,"15":6,"16":6,"17":6,"18":4,"19":6,"20":1,"21":6,"22":5,"23":5,"24":6,"25":6,"26":6,"27":14,"28":14,"29":14,"30":2,"31":2,"32":1,"33":1,"34":1,"35":1,"36":2,"37":14,"38":14,"39":14,"40":14,"41":4,"42":4,"43":4,"44":4,"45":4,"46":4,"47":4,"48":4,"49":4,"50":4,"51":4},"branchMap":{"0":{"type":"branch","line":10,"loc":{"start":{"line":10,"column":37},"end":{"line":52,"column":2}},"locations":[{"start":{"line":10,"column":37},"end":{"line":52,"column":2}}]},"1":{"type":"branch","line":39,"loc":{"start":{"line":39,"column":15},"end":{"line":39,"column":40}},"locations":[{"start":{"line":39,"column":15},"end":{"line":39,"column":40}}]},"2":{"type":"branch","line":39,"loc":{"start":{"line":39,"column":33},"end":{"line":40,"column":20}},"locations":[{"start":{"line":39,"column":33},"end":{"line":40,"column":20}}]},"3":{"type":"branch","line":40,"loc":{"start":{"line":40,"column":13},"end":{"line":40,"column":43}},"locations":[{"start":{"line":40,"column":13},"end":{"line":40,"column":43}}]},"4":{"type":"branch","line":40,"loc":{"start":{"line":40,"column":36},"end":{"line":41,"column":20}},"locations":[{"start":{"line":40,"column":36},"end":{"line":41,"column":20}}]},"5":{"type":"branch","line":41,"loc":{"start":{"line":41,"column":13},"end":{"line":41,"column":37}},"locations":[{"start":{"line":41,"column":13},"end":{"line":41,"column":37}}]},"6":{"type":"branch","line":41,"loc":{"start":{"line":41,"column":30},"end":{"line":52,"column":2}},"locations":[{"start":{"line":41,"column":30},"end":{"line":52,"column":2}}]},"7":{"type":"branch","line":15,"loc":{"start":{"line":15,"column":12},"end":{"line":28,"column":5}},"locations":[{"start":{"line":15,"column":12},"end":{"line":28,"column":5}}]},"8":{"type":"branch","line":16,"loc":{"start":{"line":16,"column":21},"end":{"line":25,"column":6}},"locations":[{"start":{"line":16,"column":21},"end":{"line":25,"column":6}}]},"9":{"type":"branch","line":18,"loc":{"start":{"line":18,"column":45},"end":{"line":20,"column":15}},"locations":[{"start":{"line":18,"column":45},"end":{"line":20,"column":15}}]},"10":{"type":"branch","line":20,"loc":{"start":{"line":20,"column":6},"end":{"line":22,"column":8}},"locations":[{"start":{"line":20,"column":6},"end":{"line":22,"column":8}}]},"11":{"type":"branch","line":21,"loc":{"start":{"line":21,"column":44},"end":{"line":21,"column":60}},"locations":[{"start":{"line":21,"column":44},"end":{"line":21,"column":60}}]},"12":{"type":"branch","line":22,"loc":{"start":{"line":22,"column":6},"end":{"line":24,"column":7}},"locations":[{"start":{"line":22,"column":6},"end":{"line":24,"column":7}}]},"13":{"type":"branch","line":30,"loc":{"start":{"line":30,"column":21},"end":{"line":37,"column":4}},"locations":[{"start":{"line":30,"column":21},"end":{"line":37,"column":4}}]},"14":{"type":"branch","line":32,"loc":{"start":{"line":32,"column":36},"end":{"line":36,"column":5}},"locations":[{"start":{"line":32,"column":36},"end":{"line":36,"column":5}}]},"15":{"type":"branch","line":35,"loc":{"start":{"line":35,"column":42},"end":{"line":35,"column":58}},"locations":[{"start":{"line":35,"column":42},"end":{"line":35,"column":58}}]},"16":{"type":"branch","line":47,"loc":{"start":{"line":47,"column":23},"end":{"line":47,"column":65}},"locations":[{"start":{"line":47,"column":23},"end":{"line":47,"column":65}}]}},"b":{"0":[14],"1":[6],"2":[7],"3":[2],"4":[5],"5":[1],"6":[4],"7":[6],"8":[6],"9":[4],"10":[1],"11":[0],"12":[5],"13":[2],"14":[1],"15":[0],"16":[2]},"fnMap":{"0":{"name":"UserProfile","decl":{"start":{"line":10,"column":37},"end":{"line":52,"column":2}},"loc":{"start":{"line":10,"column":37},"end":{"line":52,"column":2}},"line":10},"1":{"name":"loadUser","decl":{"start":{"line":16,"column":21},"end":{"line":25,"column":6}},"loc":{"start":{"line":16,"column":21},"end":{"line":25,"column":6}},"line":16},"2":{"name":"handleSave","decl":{"start":{"line":30,"column":21},"end":{"line":37,"column":4}},"loc":{"start":{"line":30,"column":21},"end":{"line":37,"column":4}},"line":30},"3":{"name":"onClick","decl":{"start":{"line":47,"column":23},"end":{"line":47,"column":65}},"loc":{"start":{"line":47,"column":23},"end":{"line":47,"column":65}},"line":47}},"f":{"0":14,"1":6,"2":2,"3":2}}
,"/Users/lzz/SPX/study/vitest-demo/src/hooks/useCounter.ts": {"path":"/Users/lzz/SPX/study/vitest-demo/src/hooks/useCounter.ts","all":false,"statementMap":{"0":{"start":{"line":1,"column":0},"end":{"line":1,"column":46}},"1":{"start":{"line":2,"column":0},"end":{"line":2,"column":0}},"2":{"start":{"line":3,"column":0},"end":{"line":3,"column":35}},"3":{"start":{"line":4,"column":0},"end":{"line":4,"column":16}},"4":{"start":{"line":5,"column":0},"end":{"line":5,"column":24}},"5":{"start":{"line":6,"column":0},"end":{"line":6,"column":24}},"6":{"start":{"line":7,"column":0},"end":{"line":7,"column":20}},"7":{"start":{"line":8,"column":0},"end":{"line":8,"column":36}},"8":{"start":{"line":9,"column":0},"end":{"line":9,"column":1}},"9":{"start":{"line":10,"column":0},"end":{"line":10,"column":0}},"10":{"start":{"line":11,"column":0},"end":{"line":11,"column":27}},"11":{"start":{"line":12,"column":0},"end":{"line":12,"column":26}},"12":{"start":{"line":13,"column":0},"end":{"line":13,"column":24}},"13":{"start":{"line":14,"column":0},"end":{"line":14,"column":51}},"14":{"start":{"line":15,"column":0},"end":{"line":15,"column":0}},"15":{"start":{"line":16,"column":0},"end":{"line":16,"column":39}},"16":{"start":{"line":17,"column":0},"end":{"line":17,"column":31}},"17":{"start":{"line":18,"column":0},"end":{"line":18,"column":9}},"18":{"start":{"line":19,"column":0},"end":{"line":19,"column":0}},"19":{"start":{"line":20,"column":0},"end":{"line":20,"column":39}},"20":{"start":{"line":21,"column":0},"end":{"line":21,"column":31}},"21":{"start":{"line":22,"column":0},"end":{"line":22,"column":9}},"22":{"start":{"line":23,"column":0},"end":{"line":23,"column":0}},"23":{"start":{"line":24,"column":0},"end":{"line":24,"column":35}},"24":{"start":{"line":25,"column":0},"end":{"line":25,"column":27}},"25":{"start":{"line":26,"column":0},"end":{"line":26,"column":21}},"26":{"start":{"line":27,"column":0},"end":{"line":27,"column":0}},"27":{"start":{"line":28,"column":0},"end":{"line":28,"column":10}},"28":{"start":{"line":29,"column":0},"end":{"line":29,"column":10}},"29":{"start":{"line":30,"column":0},"end":{"line":30,"column":14}},"30":{"start":{"line":31,"column":0},"end":{"line":31,"column":14}},"31":{"start":{"line":32,"column":0},"end":{"line":32,"column":10}},"32":{"start":{"line":33,"column":0},"end":{"line":33,"column":12}},"33":{"start":{"line":34,"column":0},"end":{"line":34,"column":4}},"34":{"start":{"line":35,"column":0},"end":{"line":35,"column":2}}},"s":{"0":1,"1":1,"2":1,"3":1,"4":1,"5":1,"6":1,"7":1,"8":1,"9":1,"10":1,"11":15,"12":15,"13":15,"14":15,"15":15,"16":5,"17":15,"18":15,"19":15,"20":2,"21":15,"22":15,"23":15,"24":1,"25":15,"26":15,"27":15,"28":15,"29":15,"30":15,"31":15,"32":15,"33":15,"34":15},"branchMap":{"0":{"type":"branch","line":11,"loc":{"start":{"line":11,"column":26},"end":{"line":35,"column":2}},"locations":[{"start":{"line":11,"column":26},"end":{"line":35,"column":2}}]},"1":{"type":"branch","line":16,"loc":{"start":{"line":16,"column":32},"end":{"line":18,"column":5}},"locations":[{"start":{"line":16,"column":32},"end":{"line":18,"column":5}}]},"2":{"type":"branch","line":17,"loc":{"start":{"line":17,"column":13},"end":{"line":17,"column":29}},"locations":[{"start":{"line":17,"column":13},"end":{"line":17,"column":29}}]},"3":{"type":"branch","line":20,"loc":{"start":{"line":20,"column":32},"end":{"line":22,"column":5}},"locations":[{"start":{"line":20,"column":32},"end":{"line":22,"column":5}}]},"4":{"type":"branch","line":21,"loc":{"start":{"line":21,"column":13},"end":{"line":21,"column":29}},"locations":[{"start":{"line":21,"column":13},"end":{"line":21,"column":29}}]},"5":{"type":"branch","line":24,"loc":{"start":{"line":24,"column":28},"end":{"line":26,"column":5}},"locations":[{"start":{"line":24,"column":28},"end":{"line":26,"column":5}}]}},"b":{"0":[15],"1":[5],"2":[5],"3":[2],"4":[2],"5":[1]},"fnMap":{"0":{"name":"useCounter","decl":{"start":{"line":11,"column":26},"end":{"line":35,"column":2}},"loc":{"start":{"line":11,"column":26},"end":{"line":35,"column":2}},"line":11}},"f":{"0":15}}
,"/Users/lzz/SPX/study/vitest-demo/src/services/api.ts": {"path":"/Users/lzz/SPX/study/vitest-demo/src/services/api.ts","all":true,"statementMap":{"0":{"start":{"line":1,"column":0},"end":{"line":1,"column":16}},"1":{"start":{"line":2,"column":0},"end":{"line":2,"column":13}},"2":{"start":{"line":3,"column":0},"end":{"line":3,"column":15}},"3":{"start":{"line":4,"column":0},"end":{"line":4,"column":16}},"4":{"start":{"line":5,"column":0},"end":{"line":5,"column":1}},"5":{"start":{"line":6,"column":0},"end":{"line":6,"column":0}},"6":{"start":{"line":7,"column":0},"end":{"line":7,"column":12}},"7":{"start":{"line":8,"column":0},"end":{"line":8,"column":57}},"8":{"start":{"line":9,"column":0},"end":{"line":9,"column":11}},"9":{"start":{"line":10,"column":0},"end":{"line":10,"column":57}},"10":{"start":{"line":11,"column":0},"end":{"line":11,"column":2}},"11":{"start":{"line":12,"column":0},"end":{"line":12,"column":14}},"12":{"start":{"line":13,"column":0},"end":{"line":13,"column":10}},"13":{"start":{"line":14,"column":0},"end":{"line":14,"column":12}},"14":{"start":{"line":15,"column":0},"end":{"line":15,"column":15}},"15":{"start":{"line":16,"column":0},"end":{"line":16,"column":30}},"16":{"start":{"line":17,"column":0},"end":{"line":17,"column":4}},"17":{"start":{"line":18,"column":0},"end":{"line":18,"column":2}},"18":{"start":{"line":19,"column":0},"end":{"line":19,"column":0}},"19":{"start":{"line":20,"column":0},"end":{"line":20,"column":66}},"20":{"start":{"line":21,"column":0},"end":{"line":21,"column":11}},"21":{"start":{"line":22,"column":0},"end":{"line":22,"column":57}},"22":{"start":{"line":23,"column":0},"end":{"line":23,"column":2}},"23":{"start":{"line":24,"column":0},"end":{"line":24,"column":11}},"24":{"start":{"line":25,"column":0},"end":{"line":25,"column":31}},"25":{"start":{"line":26,"column":0},"end":{"line":26,"column":2}}},"s":{"0":0,"1":0,"2":0,"3":0,"4":0,"5":0,"6":0,"7":0,"8":0,"9":0,"10":0,"11":0,"12":0,"13":0,"14":0,"15":0,"16":0,"17":0,"18":0,"19":0,"20":0,"21":0,"22":0,"23":0,"24":0,"25":0},"branchMap":{"0":{"type":"branch","line":1,"loc":{"start":{"line":1,"column":492},"end":{"line":26,"column":2}},"locations":[{"start":{"line":1,"column":492},"end":{"line":26,"column":2}}]}},"b":{"0":[0]},"fnMap":{"0":{"name":"(empty-report)","decl":{"start":{"line":1,"column":492},"end":{"line":26,"column":2}},"loc":{"start":{"line":1,"column":492},"end":{"line":26,"column":2}},"line":1}},"f":{"0":0}}
,"/Users/lzz/SPX/study/vitest-demo/src/utils/asyncUtils.ts": {"path":"/Users/lzz/SPX/study/vitest-demo/src/utils/asyncUtils.ts","all":false,"statementMap":{"0":{"start":{"line":1,"column":0},"end":{"line":1,"column":25}},"1":{"start":{"line":2,"column":0},"end":{"line":2,"column":0}},"2":{"start":{"line":3,"column":0},"end":{"line":3,"column":9}},"3":{"start":{"line":4,"column":0},"end":{"line":4,"column":52}},"4":{"start":{"line":5,"column":0},"end":{"line":5,"column":35}},"5":{"start":{"line":6,"column":0},"end":{"line":6,"column":22}},"6":{"start":{"line":7,"column":0},"end":{"line":7,"column":22}},"7":{"start":{"line":8,"column":0},"end":{"line":8,"column":12}},"8":{"start":{"line":9,"column":0},"end":{"line":9,"column":5}},"9":{"start":{"line":10,"column":0},"end":{"line":10,"column":1}},"10":{"start":{"line":11,"column":0},"end":{"line":11,"column":0}},"11":{"start":{"line":12,"column":0},"end":{"line":12,"column":18}},"12":{"start":{"line":13,"column":0},"end":{"line":13,"column":59}},"13":{"start":{"line":14,"column":0},"end":{"line":14,"column":35}},"14":{"start":{"line":15,"column":0},"end":{"line":15,"column":22}},"15":{"start":{"line":16,"column":0},"end":{"line":16,"column":25}},"16":{"start":{"line":17,"column":0},"end":{"line":17,"column":28}},"17":{"start":{"line":18,"column":0},"end":{"line":18,"column":5}},"18":{"start":{"line":19,"column":0},"end":{"line":19,"column":1}},"19":{"start":{"line":20,"column":0},"end":{"line":20,"column":0}},"20":{"start":{"line":21,"column":0},"end":{"line":21,"column":12}},"21":{"start":{"line":22,"column":0},"end":{"line":22,"column":92}},"22":{"start":{"line":23,"column":0},"end":{"line":23,"column":43}},"23":{"start":{"line":24,"column":0},"end":{"line":24,"column":22}},"24":{"start":{"line":25,"column":0},"end":{"line":25,"column":24}},"25":{"start":{"line":26,"column":0},"end":{"line":26,"column":45}},"26":{"start":{"line":27,"column":0},"end":{"line":27,"column":14}},"27":{"start":{"line":28,"column":0},"end":{"line":28,"column":56}},"28":{"start":{"line":29,"column":0},"end":{"line":29,"column":7}},"29":{"start":{"line":30,"column":0},"end":{"line":30,"column":12}},"30":{"start":{"line":31,"column":0},"end":{"line":31,"column":5}},"31":{"start":{"line":32,"column":0},"end":{"line":32,"column":1}},"32":{"start":{"line":33,"column":0},"end":{"line":33,"column":0}},"33":{"start":{"line":34,"column":0},"end":{"line":34,"column":10}},"34":{"start":{"line":35,"column":0},"end":{"line":35,"column":63}},"35":{"start":{"line":36,"column":0},"end":{"line":36,"column":43}},"36":{"start":{"line":37,"column":0},"end":{"line":37,"column":22}},"37":{"start":{"line":38,"column":0},"end":{"line":38,"column":34}},"38":{"start":{"line":39,"column":0},"end":{"line":39,"column":43}},"39":{"start":{"line":40,"column":0},"end":{"line":40,"column":14}},"40":{"start":{"line":41,"column":0},"end":{"line":41,"column":69}},"41":{"start":{"line":42,"column":0},"end":{"line":42,"column":7}},"42":{"start":{"line":43,"column":0},"end":{"line":43,"column":12}},"43":{"start":{"line":44,"column":0},"end":{"line":44,"column":5}},"44":{"start":{"line":45,"column":0},"end":{"line":45,"column":1}},"45":{"start":{"line":46,"column":0},"end":{"line":46,"column":0}},"46":{"start":{"line":47,"column":0},"end":{"line":47,"column":24}},"47":{"start":{"line":48,"column":0},"end":{"line":48,"column":47}},"48":{"start":{"line":49,"column":0},"end":{"line":49,"column":29}},"49":{"start":{"line":50,"column":0},"end":{"line":50,"column":1}}},"s":{"0":1,"1":1,"2":1,"3":8,"4":8,"5":8,"6":8,"7":8,"8":8,"9":8,"10":1,"11":1,"12":1,"13":1,"14":1,"15":1,"16":1,"17":1,"18":1,"19":1,"20":1,"21":3,"22":3,"23":3,"24":3,"25":1,"26":3,"27":2,"28":2,"29":3,"30":3,"31":3,"32":1,"33":1,"34":2,"35":2,"36":2,"37":2,"38":1,"39":1,"40":1,"41":1,"42":2,"43":2,"44":2,"45":1,"46":1,"47":1,"48":1,"49":1},"branchMap":{"0":{"type":"branch","line":4,"loc":{"start":{"line":4,"column":0},"end":{"line":10,"column":1}},"locations":[{"start":{"line":4,"column":0},"end":{"line":10,"column":1}}]},"1":{"type":"branch","line":5,"loc":{"start":{"line":5,"column":21},"end":{"line":9,"column":3}},"locations":[{"start":{"line":5,"column":21},"end":{"line":9,"column":3}}]},"2":{"type":"branch","line":6,"loc":{"start":{"line":6,"column":15},"end":{"line":8,"column":7}},"locations":[{"start":{"line":6,"column":15},"end":{"line":8,"column":7}}]},"3":{"type":"branch","line":13,"loc":{"start":{"line":13,"column":0},"end":{"line":19,"column":1}},"locations":[{"start":{"line":13,"column":0},"end":{"line":19,"column":1}}]},"4":{"type":"branch","line":14,"loc":{"start":{"line":14,"column":21},"end":{"line":18,"column":3}},"locations":[{"start":{"line":14,"column":21},"end":{"line":18,"column":3}}]},"5":{"type":"branch","line":15,"loc":{"start":{"line":15,"column":15},"end":{"line":17,"column":7}},"locations":[{"start":{"line":15,"column":15},"end":{"line":17,"column":7}}]},"6":{"type":"branch","line":22,"loc":{"start":{"line":22,"column":0},"end":{"line":32,"column":1}},"locations":[{"start":{"line":22,"column":0},"end":{"line":32,"column":1}}]},"7":{"type":"branch","line":23,"loc":{"start":{"line":23,"column":21},"end":{"line":31,"column":3}},"locations":[{"start":{"line":23,"column":21},"end":{"line":31,"column":3}}]},"8":{"type":"branch","line":24,"loc":{"start":{"line":24,"column":15},"end":{"line":30,"column":7}},"locations":[{"start":{"line":24,"column":15},"end":{"line":30,"column":7}}]},"9":{"type":"branch","line":25,"loc":{"start":{"line":25,"column":23},"end":{"line":27,"column":13}},"locations":[{"start":{"line":25,"column":23},"end":{"line":27,"column":13}}]},"10":{"type":"branch","line":27,"loc":{"start":{"line":27,"column":6},"end":{"line":29,"column":7}},"locations":[{"start":{"line":27,"column":6},"end":{"line":29,"column":7}}]},"11":{"type":"branch","line":35,"loc":{"start":{"line":35,"column":0},"end":{"line":45,"column":1}},"locations":[{"start":{"line":35,"column":0},"end":{"line":45,"column":1}}]},"12":{"type":"branch","line":36,"loc":{"start":{"line":36,"column":21},"end":{"line":44,"column":3}},"locations":[{"start":{"line":36,"column":21},"end":{"line":44,"column":3}}]},"13":{"type":"branch","line":37,"loc":{"start":{"line":37,"column":15},"end":{"line":43,"column":7}},"locations":[{"start":{"line":37,"column":15},"end":{"line":43,"column":7}}]},"14":{"type":"branch","line":38,"loc":{"start":{"line":38,"column":33},"end":{"line":42,"column":7}},"locations":[{"start":{"line":38,"column":33},"end":{"line":42,"column":7}}]},"15":{"type":"branch","line":48,"loc":{"start":{"line":48,"column":7},"end":{"line":50,"column":1}},"locations":[{"start":{"line":48,"column":7},"end":{"line":50,"column":1}}]}},"b":{"0":[8],"1":[8],"2":[8],"3":[1],"4":[1],"5":[1],"6":[3],"7":[3],"8":[3],"9":[1],"10":[2],"11":[2],"12":[2],"13":[2],"14":[1],"15":[1]},"fnMap":{"0":{"name":"fetchData","decl":{"start":{"line":4,"column":0},"end":{"line":10,"column":1}},"loc":{"start":{"line":4,"column":0},"end":{"line":10,"column":1}},"line":4},"1":{"name":"verySlowFunction","decl":{"start":{"line":13,"column":0},"end":{"line":19,"column":1}},"loc":{"start":{"line":13,"column":0},"end":{"line":19,"column":1}},"line":13},"2":{"name":"fetchUserData","decl":{"start":{"line":22,"column":0},"end":{"line":32,"column":1}},"loc":{"start":{"line":22,"column":0},"end":{"line":32,"column":1}},"line":22},"3":{"name":"apiCall","decl":{"start":{"line":35,"column":0},"end":{"line":45,"column":1}},"loc":{"start":{"line":35,"column":0},"end":{"line":45,"column":1}},"line":35},"4":{"name":"getPromise","decl":{"start":{"line":48,"column":7},"end":{"line":50,"column":1}},"loc":{"start":{"line":48,"column":7},"end":{"line":50,"column":1}},"line":48}},"f":{"0":8,"1":1,"2":3,"3":2,"4":1}}
,"/Users/lzz/SPX/study/vitest-demo/src/utils/math.ts": {"path":"/Users/lzz/SPX/study/vitest-demo/src/utils/math.ts","all":false,"statementMap":{"0":{"start":{"line":1,"column":0},"end":{"line":1,"column":51}},"1":{"start":{"line":2,"column":0},"end":{"line":2,"column":15}},"2":{"start":{"line":3,"column":0},"end":{"line":3,"column":1}},"3":{"start":{"line":4,"column":0},"end":{"line":4,"column":0}},"4":{"start":{"line":5,"column":0},"end":{"line":5,"column":56}},"5":{"start":{"line":6,"column":0},"end":{"line":6,"column":15}},"6":{"start":{"line":7,"column":0},"end":{"line":7,"column":1}},"7":{"start":{"line":8,"column":0},"end":{"line":8,"column":0}},"8":{"start":{"line":9,"column":0},"end":{"line":9,"column":54}},"9":{"start":{"line":10,"column":0},"end":{"line":10,"column":16}},"10":{"start":{"line":11,"column":0},"end":{"line":11,"column":40}},"11":{"start":{"line":12,"column":0},"end":{"line":12,"column":3}},"12":{"start":{"line":13,"column":0},"end":{"line":13,"column":15}},"13":{"start":{"line":14,"column":0},"end":{"line":14,"column":1}}},"s":{"0":1,"1":2,"2":2,"3":1,"4":1,"5":2,"6":2,"7":1,"8":1,"9":4,"10":1,"11":1,"12":3,"13":3},"branchMap":{"0":{"type":"branch","line":1,"loc":{"start":{"line":1,"column":7},"end":{"line":3,"column":1}},"locations":[{"start":{"line":1,"column":7},"end":{"line":3,"column":1}}]},"1":{"type":"branch","line":5,"loc":{"start":{"line":5,"column":7},"end":{"line":7,"column":1}},"locations":[{"start":{"line":5,"column":7},"end":{"line":7,"column":1}}]},"2":{"type":"branch","line":9,"loc":{"start":{"line":9,"column":7},"end":{"line":14,"column":1}},"locations":[{"start":{"line":9,"column":7},"end":{"line":14,"column":1}}]},"3":{"type":"branch","line":10,"loc":{"start":{"line":10,"column":15},"end":{"line":12,"column":3}},"locations":[{"start":{"line":10,"column":15},"end":{"line":12,"column":3}}]},"4":{"type":"branch","line":12,"loc":{"start":{"line":12,"column":2},"end":{"line":14,"column":1}},"locations":[{"start":{"line":12,"column":2},"end":{"line":14,"column":1}}]}},"b":{"0":[2],"1":[2],"2":[4],"3":[1],"4":[3]},"fnMap":{"0":{"name":"add","decl":{"start":{"line":1,"column":7},"end":{"line":3,"column":1}},"loc":{"start":{"line":1,"column":7},"end":{"line":3,"column":1}},"line":1},"1":{"name":"multiply","decl":{"start":{"line":5,"column":7},"end":{"line":7,"column":1}},"loc":{"start":{"line":5,"column":7},"end":{"line":7,"column":1}},"line":5},"2":{"name":"divide","decl":{"start":{"line":9,"column":7},"end":{"line":14,"column":1}},"loc":{"start":{"line":9,"column":7},"end":{"line":14,"column":1}},"line":9}},"f":{"0":2,"1":2,"2":4}}
}
